number,value,datetime_start,datetime_complete,duration,params_max_depth,params_min_samples_leaf,params_min_samples_split,params_n_estimators,state
534,-0.5986034091163879,2026-03-31 18:57:04.992649,2026-03-31 18:57:11.181173,0 days 00:00:06.188524,28,1,2,9686,COMPLETE
535,-0.5988643057472169,2026-03-31 18:57:11.199121,2026-03-31 18:57:17.216580,0 days 00:00:06.017459,32,1,2,9474,COMPLETE
536,-0.5974690921091759,2026-03-31 18:57:17.240827,2026-03-31 18:57:23.576214,0 days 00:00:06.335387,35,1,3,9973,COMPLETE
537,-0.5735635185766601,2026-03-31 18:57:23.594020,2026-03-31 18:57:29.469389,0 days 00:00:05.875369,34,2,2,9315,COMPLETE
538,-0.5982167374341537,2026-03-31 18:57:29.490387,2026-03-31 18:57:35.818923,0 days 00:00:06.328536,30,1,2,9994,COMPLETE
539,-0.5985211345016406,2026-03-31 18:57:35.845856,2026-03-31 18:57:42.021896,0 days 00:00:06.176040,31,1,2,9752,COMPLETE
540,-0.5737920932251258,2026-03-31 18:57:42.038856,2026-03-31 18:57:48.090094,0 days 00:00:06.051238,29,2,3,9589,COMPLETE
541,-0.5984882630177308,2026-03-31 18:57:48.107233,2026-03-31 18:57:54.347416,0 days 00:00:06.240183,33,1,2,9768,COMPLETE
542,-0.5734470799336213,2026-03-31 18:57:54.375359,2026-03-31 18:58:00.691834,0 days 00:00:06.316475,35,2,2,9996,COMPLETE
543,-0.5977362005888048,2026-03-31 18:58:00.712002,2026-03-31 18:58:06.653365,0 days 00:00:05.941363,33,1,3,9331,COMPLETE
544,-0.5982674316225298,2026-03-31 18:58:06.673657,2026-03-31 18:58:12.731585,0 days 00:00:06.057928,32,1,3,9542,COMPLETE
545,-0.5983886323346738,2026-03-31 18:58:12.759751,2026-03-31 18:58:18.992713,0 days 00:00:06.232962,31,1,2,9795,COMPLETE
546,-0.5739377588021114,2026-03-31 18:58:19.016944,2026-03-31 18:58:25.012459,0 days 00:00:05.995515,29,2,2,9543,COMPLETE
547,-0.5983217779585991,2026-03-31 18:58:25.036443,2026-03-31 18:58:31.269986,0 days 00:00:06.233543,35,1,2,9807,COMPLETE
548,-0.5985363956693357,2026-03-31 18:58:31.286914,2026-03-31 18:58:37.168654,0 days 00:00:05.881740,34,1,2,9292,COMPLETE
549,-0.5736985295784853,2026-03-31 18:58:37.192703,2026-03-31 18:58:43.305168,0 days 00:00:06.112465,36,2,2,9705,COMPLETE
550,-0.5982481338951843,2026-03-31 18:58:43.322290,2026-03-31 18:58:49.299028,0 days 00:00:05.976738,30,1,3,9480,COMPLETE
551,-0.5983835795071901,2026-03-31 18:58:49.319403,2026-03-31 18:58:55.573408,0 days 00:00:06.254005,31,1,2,9824,COMPLETE
552,-0.5737246992789373,2026-03-31 18:58:55.601896,2026-03-31 18:59:01.671932,0 days 00:00:06.070036,32,2,4,9642,COMPLETE
553,-0.5685779272221254,2026-03-31 18:59:01.689588,2026-03-31 18:59:07.579433,0 days 00:00:05.889845,29,3,2,9279,COMPLETE
554,-0.597714257830668,2026-03-31 18:59:07.600049,2026-03-31 18:59:13.751499,0 days 00:00:06.151450,28,1,3,9821,COMPLETE
555,-0.598172758967827,2026-03-31 18:59:13.780065,2026-03-31 18:59:20.167241,0 days 00:00:06.387176,36,1,2,9970,COMPLETE
556,-0.598850009253413,2026-03-31 18:59:20.193836,2026-03-31 18:59:26.180183,0 days 00:00:05.986347,15,1,2,9482,COMPLETE
557,-0.7237114986181737,2026-03-31 18:59:26.207813,2026-03-31 18:59:31.766201,0 days 00:00:05.558388,34,20,3,9659,COMPLETE
558,-0.5734634278411341,2026-03-31 18:59:31.780091,2026-03-31 18:59:38.075504,0 days 00:00:06.295413,32,2,2,9985,COMPLETE
559,-0.598684356963186,2026-03-31 18:59:38.099847,2026-03-31 18:59:44.085974,0 days 00:00:05.986127,30,1,2,9427,COMPLETE
560,-0.573417642097868,2026-03-31 18:59:44.103739,2026-03-31 18:59:50.428358,0 days 00:00:06.324619,33,2,3,10000,COMPLETE
561,-0.5985404915279416,2026-03-31 18:59:50.445980,2026-03-31 18:59:56.601099,0 days 00:00:06.155119,37,1,2,9700,COMPLETE
562,-0.5984323430617293,2026-03-31 18:59:56.625197,2026-03-31 19:00:02.588179,0 days 00:00:05.962982,35,1,2,9214,COMPLETE
563,-0.5988022162323674,2026-03-31 19:00:02.602856,2026-03-31 19:00:08.845014,0 days 00:00:06.242158,36,1,2,9573,COMPLETE
564,-0.5977519582817653,2026-03-31 19:00:08.862712,2026-03-31 19:00:15.258576,0 days 00:00:06.395864,31,1,3,9788,COMPLETE
565,-0.5734631710193995,2026-03-31 19:00:15.273270,2026-03-31 19:00:21.760002,0 days 00:00:06.486732,34,2,2,9993,COMPLETE
566,-0.5951515102565159,2026-03-31 19:00:21.777861,2026-03-31 19:00:27.701457,0 days 00:00:05.923596,27,1,19,9410,COMPLETE
567,-0.5981549887232522,2026-03-31 19:00:27.719496,2026-03-31 19:00:33.853226,0 days 00:00:06.133730,29,1,3,9641,COMPLETE
568,-0.5735443461024208,2026-03-31 19:00:33.870766,2026-03-31 19:00:40.084004,0 days 00:00:06.213238,33,2,2,9812,COMPLETE
569,-0.5984374201006046,2026-03-31 19:00:40.097239,2026-03-31 19:00:46.019625,0 days 00:00:05.922386,30,1,2,9230,COMPLETE
570,-0.6083618770309454,2026-03-31 19:00:46.034093,2026-03-31 19:00:52.127818,0 days 00:00:06.093725,35,1,9,9564,COMPLETE
571,-0.7181071770153111,2026-03-31 19:00:52.147522,2026-03-31 19:00:57.853687,0 days 00:00:05.706165,37,14,2,9750,COMPLETE
572,-0.5684729916122606,2026-03-31 19:00:57.882034,2026-03-31 19:01:04.185333,0 days 00:00:06.303299,32,3,2,9814,COMPLETE
573,-0.5980637571451958,2026-03-31 19:01:04.206079,2026-03-31 19:01:10.244739,0 days 00:00:06.038660,36,1,3,9438,COMPLETE
574,-0.5982211905867016,2026-03-31 19:01:10.266359,2026-03-31 19:01:16.639611,0 days 00:00:06.373252,28,1,2,9995,COMPLETE
575,-0.5737281057055977,2026-03-31 19:01:16.668305,2026-03-31 19:01:22.840412,0 days 00:00:06.172107,37,2,3,9623,COMPLETE
576,-0.5982234753855817,2026-03-31 19:01:22.857418,2026-03-31 19:01:28.734895,0 days 00:00:05.877477,31,1,2,9052,COMPLETE
577,-0.5735145929147303,2026-03-31 19:01:28.754181,2026-03-31 19:01:35.154346,0 days 00:00:06.400165,35,2,2,9825,COMPLETE
578,-0.5736669282645487,2026-03-31 19:01:35.183454,2026-03-31 19:01:41.183103,0 days 00:00:05.999649,12,2,3,9349,COMPLETE
579,-0.6482214027591994,2026-03-31 19:01:41.203861,2026-03-31 19:01:47.231437,0 days 00:00:06.027576,34,11,2,9625,COMPLETE
580,-0.723920303804931,2026-03-31 19:01:47.251992,2026-03-31 19:01:51.091725,0 days 00:00:03.839733,33,16,2,6580,COMPLETE
581,-0.5983496211845116,2026-03-31 19:01:51.120776,2026-03-31 19:01:57.391439,0 days 00:00:06.270663,30,1,2,9805,COMPLETE
582,-0.5975322006421656,2026-03-31 19:01:57.411621,2026-03-31 19:02:03.801059,0 days 00:00:06.389438,32,1,3,9992,COMPLETE
583,-0.5988016609726374,2026-03-31 19:02:03.823074,2026-03-31 19:02:10.043531,0 days 00:00:06.220457,38,1,2,9568,COMPLETE
584,-0.5987405261374443,2026-03-31 19:02:10.060278,2026-03-31 19:02:15.867155,0 days 00:00:05.806877,29,1,17,9208,COMPLETE
585,-0.5738279797320816,2026-03-31 19:02:15.895483,2026-03-31 19:02:21.864379,0 days 00:00:05.968896,36,2,2,9461,COMPLETE
586,-0.6028750342183677,2026-03-31 19:02:21.892965,2026-03-31 19:02:27.992014,0 days 00:00:06.099049,37,1,16,9801,COMPLETE
587,-0.5984675598162257,2026-03-31 19:02:28.012891,2026-03-31 19:02:34.104735,0 days 00:00:06.091844,32,1,4,9666,COMPLETE
588,-0.5736261213576919,2026-03-31 19:02:34.122596,2026-03-31 19:02:40.026363,0 days 00:00:05.903767,30,2,2,9383,COMPLETE
589,-0.5977506399263606,2026-03-31 19:02:40.042920,2026-03-31 19:02:46.237424,0 days 00:00:06.194504,31,1,3,9801,COMPLETE
590,-0.5988702633147919,2026-03-31 19:02:46.261758,2026-03-31 19:02:52.345152,0 days 00:00:06.083394,38,1,2,9531,COMPLETE
591,-0.5843558824715506,2026-03-31 19:02:52.369388,2026-03-31 19:02:58.633625,0 days 00:00:06.264237,26,2,10,9989,COMPLETE
592,-0.5978978218028186,2026-03-31 19:02:58.650454,2026-03-31 19:03:04.381597,0 days 00:00:05.731143,34,1,3,9017,COMPLETE
593,-0.5737073099754217,2026-03-31 19:03:04.398607,2026-03-31 19:03:10.473606,0 days 00:00:06.074999,33,2,2,9663,COMPLETE
594,-0.5984296423501492,2026-03-31 19:03:10.490533,2026-03-31 19:03:16.374367,0 days 00:00:05.883834,28,1,2,9259,COMPLETE
595,-0.5977506399263605,2026-03-31 19:03:16.391085,2026-03-31 19:03:22.545086,0 days 00:00:06.154001,35,1,3,9801,COMPLETE
596,-0.5988208197422268,2026-03-31 19:03:22.570940,2026-03-31 19:03:28.545482,0 days 00:00:05.974542,36,1,2,9485,COMPLETE
597,-0.5734634390305415,2026-03-31 19:03:28.569447,2026-03-31 19:03:34.910863,0 days 00:00:06.341416,29,2,2,9994,COMPLETE
598,-0.5986879078879095,2026-03-31 19:03:34.927712,2026-03-31 19:03:41.031381,0 days 00:00:06.103669,31,1,2,9663,COMPLETE
599,-0.5709699681963866,2026-03-31 19:03:41.045130,2026-03-31 19:03:47.320172,0 days 00:00:06.275042,37,4,5,9998,COMPLETE
600,-0.5983249911258003,2026-03-31 19:03:47.344179,2026-03-31 19:03:53.568568,0 days 00:00:06.224389,34,1,2,9808,COMPLETE
601,-0.5736664807664134,2026-03-31 19:03:53.593077,2026-03-31 19:03:59.508325,0 days 00:00:05.915248,39,2,2,9376,COMPLETE
602,-0.5737120994329261,2026-03-31 19:03:59.526908,2026-03-31 19:04:05.578783,0 days 00:00:06.051875,33,2,3,9616,COMPLETE
603,-0.5977653206873368,2026-03-31 19:04:05.595347,2026-03-31 19:04:11.439404,0 days 00:00:05.844057,36,1,3,9163,COMPLETE
604,-0.5983332311426919,2026-03-31 19:04:11.456629,2026-03-31 19:04:17.673558,0 days 00:00:06.216929,30,1,2,9813,COMPLETE
605,-0.5988631739700507,2026-03-31 19:04:17.690353,2026-03-31 19:04:23.714448,0 days 00:00:06.024095,32,1,2,9470,COMPLETE
606,-0.6070765231199299,2026-03-31 19:04:23.731572,2026-03-31 19:04:29.856043,0 days 00:00:06.124471,20,1,8,9790,COMPLETE
607,-0.5737607042436725,2026-03-31 19:04:29.881370,2026-03-31 19:04:35.917453,0 days 00:00:06.036083,35,2,2,9595,COMPLETE
608,-0.5980095964000669,2026-03-31 19:04:35.934588,2026-03-31 19:04:41.786822,0 days 00:00:05.852234,38,1,3,9277,COMPLETE
609,-0.5769545760294863,2026-03-31 19:04:41.804131,2026-03-31 19:04:47.949188,0 days 00:00:06.145057,30,5,2,9797,COMPLETE
610,-0.5988070477377209,2026-03-31 19:04:47.974144,2026-03-31 19:04:54.033954,0 days 00:00:06.059810,37,1,2,9465,COMPLETE
611,-0.5987794729928437,2026-03-31 19:04:54.058807,2026-03-31 19:05:00.152567,0 days 00:00:06.093760,32,1,2,9645,COMPLETE
612,-0.5735145678863416,2026-03-31 19:05:00.169185,2026-03-31 19:05:06.405304,0 days 00:00:06.236119,29,2,3,9824,COMPLETE
613,-0.5982762859589921,2026-03-31 19:05:06.426209,2026-03-31 19:05:12.194667,0 days 00:00:05.768458,31,1,2,9028,COMPLETE
614,-0.5982234443275678,2026-03-31 19:05:12.214964,2026-03-31 19:05:18.559681,0 days 00:00:06.344717,35,1,2,9985,COMPLETE
615,-0.7237146435986513,2026-03-31 19:05:18.579734,2026-03-31 19:05:24.061296,0 days 00:00:05.481562,38,19,2,9638,COMPLETE
616,-0.5736452146375627,2026-03-31 19:05:24.082747,2026-03-31 19:05:29.994657,0 days 00:00:05.911910,33,2,3,9384,COMPLETE
617,-0.5975206877971673,2026-03-31 19:05:30.023318,2026-03-31 19:05:36.394977,0 days 00:00:06.371659,34,1,3,9994,COMPLETE
618,-0.72373008095706,2026-03-31 19:05:36.415249,2026-03-31 19:05:42.062944,0 days 00:00:05.647695,39,17,14,9813,COMPLETE
619,-0.5984406458856112,2026-03-31 19:05:42.082019,2026-03-31 19:05:47.898654,0 days 00:00:05.816635,36,1,2,9236,COMPLETE
620,-0.573417642097868,2026-03-31 19:05:47.927238,2026-03-31 19:05:54.220013,0 days 00:00:06.292775,28,2,2,10000,COMPLETE
621,-0.6030715165100594,2026-03-31 19:05:54.248550,2026-03-31 19:06:00.265309,0 days 00:00:06.016759,37,1,6,9529,COMPLETE
622,-0.5685047665036143,2026-03-31 19:06:00.295023,2026-03-31 19:06:06.457762,0 days 00:00:06.162739,31,3,2,9690,COMPLETE
623,-0.5986513520182182,2026-03-31 19:06:06.475748,2026-03-31 19:06:12.523681,0 days 00:00:06.047933,27,1,2,9430,COMPLETE
624,-0.5735430619917901,2026-03-31 19:06:12.545766,2026-03-31 19:06:18.724848,0 days 00:00:06.179082,32,2,3,9804,COMPLETE
625,-0.5987288024641826,2026-03-31 19:06:18.746475,2026-03-31 19:06:24.915504,0 days 00:00:06.169029,30,1,2,9629,COMPLETE
626,-0.5977308793609486,2026-03-31 19:06:24.943674,2026-03-31 19:06:30.699059,0 days 00:00:05.755385,35,1,3,9138,COMPLETE
627,-0.5735501187009738,2026-03-31 19:06:30.727075,2026-03-31 19:06:36.960882,0 days 00:00:06.233807,38,2,2,9806,COMPLETE
628,-0.5988389618719516,2026-03-31 19:06:36.981036,2026-03-31 19:06:43.080198,0 days 00:00:06.099162,33,1,2,9487,COMPLETE
629,-0.5962946275391756,2026-03-31 19:06:43.100556,2026-03-31 19:06:46.492595,0 days 00:00:03.392039,29,1,3,5290,COMPLETE
630,-0.6650670259167359,2026-03-31 19:06:46.521853,2026-03-31 19:06:52.199385,0 days 00:00:05.677532,36,12,2,9283,COMPLETE
631,-0.5986404479030916,2026-03-31 19:06:52.227122,2026-03-31 19:06:58.382394,0 days 00:00:06.155272,31,1,2,9682,COMPLETE
632,-0.5734563014080267,2026-03-31 19:06:58.400558,2026-03-31 19:07:04.733681,0 days 00:00:06.333123,37,2,2,9995,COMPLETE
633,-0.6399924113262621,2026-03-31 19:07:04.762660,2026-03-31 19:07:10.874674,0 days 00:00:06.112014,34,10,3,9807,COMPLETE
634,-0.5739089619783606,2026-03-31 19:07:10.903367,2026-03-31 19:07:16.902671,0 days 00:00:05.999304,7,2,2,9528,COMPLETE
635,-0.5984104456922302,2026-03-31 19:07:16.931015,2026-03-31 19:07:22.625813,0 days 00:00:05.694798,32,1,2,8984,COMPLETE
636,-0.5983894992230617,2026-03-31 19:07:22.642844,2026-03-31 19:07:28.859919,0 days 00:00:06.217075,38,1,2,9819,COMPLETE
637,-0.5981278719647444,2026-03-31 19:07:28.876856,2026-03-31 19:07:34.922317,0 days 00:00:06.045461,39,1,3,9631,COMPLETE
638,-0.5981711206207186,2026-03-31 19:07:34.939283,2026-03-31 19:07:41.317409,0 days 00:00:06.378126,35,1,2,9998,COMPLETE
639,-0.5736451697615508,2026-03-31 19:07:41.344507,2026-03-31 19:07:47.276009,0 days 00:00:05.931502,36,2,4,9385,COMPLETE
640,-0.598677846886188,2026-03-31 19:07:47.293360,2026-03-31 19:07:53.388424,0 days 00:00:06.095064,33,1,2,9662,COMPLETE
641,-0.5979722810408272,2026-03-31 19:07:53.406929,2026-03-31 19:07:59.306587,0 days 00:00:05.899658,30,1,3,9293,COMPLETE
642,-0.5735386738253767,2026-03-31 19:07:59.324182,2026-03-31 19:08:05.539351,0 days 00:00:06.215169,29,2,2,9808,COMPLETE
643,-0.598853119610437,2026-03-31 19:08:05.557418,2026-03-31 19:08:11.652281,0 days 00:00:06.094863,37,1,2,9552,COMPLETE
644,-0.5982612931513673,2026-03-31 19:08:11.680879,2026-03-31 19:08:17.907297,0 days 00:00:06.226418,34,1,2,9837,COMPLETE
645,-0.7233834700044399,2026-03-31 19:08:17.932941,2026-03-31 19:08:23.296412,0 days 00:00:05.363471,31,15,3,9432,COMPLETE
646,-0.598738321689456,2026-03-31 19:08:23.320532,2026-03-31 19:08:29.457042,0 days 00:00:06.136510,28,1,2,9653,COMPLETE
647,-0.57348691071281,2026-03-31 19:08:29.481206,2026-03-31 19:08:35.688338,0 days 00:00:06.207132,32,2,3,9829,COMPLETE
648,-0.573444462456829,2026-03-31 19:08:35.705469,2026-03-31 19:08:42.064124,0 days 00:00:06.358655,37,2,2,9997,COMPLETE
649,-0.598403720373639,2026-03-31 19:08:42.088107,2026-03-31 19:08:47.843579,0 days 00:00:05.755472,36,1,2,9106,COMPLETE
650,-0.5988915844378033,2026-03-31 19:08:47.867994,2026-03-31 19:08:53.883030,0 days 00:00:06.015036,33,1,2,9500,COMPLETE
651,-0.5975128555976413,2026-03-31 19:08:53.906895,2026-03-31 19:09:00.264368,0 days 00:00:06.357473,39,1,3,9995,COMPLETE
652,-0.5735798991635124,2026-03-31 19:09:00.281436,2026-03-31 19:09:06.115369,0 days 00:00:05.833933,30,2,2,9269,COMPLETE
653,-0.5685344306052277,2026-03-31 19:09:06.133150,2026-03-31 19:09:12.291669,0 days 00:00:06.158519,35,3,2,9674,COMPLETE
654,-0.6962949637280242,2026-03-31 19:09:12.320830,2026-03-31 19:09:18.070948,0 days 00:00:05.750118,31,13,2,9665,COMPLETE
655,-0.598356386481764,2026-03-31 19:09:18.100337,2026-03-31 19:09:24.322779,0 days 00:00:06.222442,34,1,2,9815,COMPLETE
656,-0.5980447143481208,2026-03-31 19:09:24.354195,2026-03-31 19:09:30.326258,0 days 00:00:05.972063,38,1,3,9432,COMPLETE
657,-0.5975128555976413,2026-03-31 19:09:30.354270,2026-03-31 19:09:36.640836,0 days 00:00:06.286566,29,1,3,9995,COMPLETE
658,-0.5737107331816202,2026-03-31 19:09:36.658854,2026-03-31 19:09:42.785098,0 days 00:00:06.126244,36,2,2,9625,COMPLETE
659,-0.598437524051398,2026-03-31 19:09:42.809237,2026-03-31 19:09:48.695591,0 days 00:00:05.886354,32,1,2,9260,COMPLETE
660,-0.5980416433863806,2026-03-31 19:09:48.713943,2026-03-31 19:09:54.349630,0 days 00:00:05.635687,28,1,3,8895,COMPLETE
661,-0.5735163726222202,2026-03-31 19:09:54.374100,2026-03-31 19:10:00.540475,0 days 00:00:06.166375,37,2,2,9789,COMPLETE
662,-0.7237419163723169,2026-03-31 19:10:00.558070,2026-03-31 19:10:06.041104,0 days 00:00:05.483034,30,18,2,9512,COMPLETE
663,-0.59735565073134,2026-03-31 19:10:06.062128,2026-03-31 19:10:09.761140,0 days 00:00:03.699012,34,1,2,5767,COMPLETE
664,-0.5735178050409557,2026-03-31 19:10:09.776717,2026-03-31 19:10:15.949050,0 days 00:00:06.172333,33,2,2,9821,COMPLETE
665,-0.5979651107591749,2026-03-31 19:10:15.970530,2026-03-31 19:10:21.922710,0 days 00:00:05.952180,38,1,3,9389,COMPLETE
666,-0.6057602673571202,2026-03-31 19:10:21.940195,2026-03-31 19:10:28.026630,0 days 00:00:06.086435,35,1,7,9617,COMPLETE
667,-0.6106993104646504,2026-03-31 19:10:28.043858,2026-03-31 19:10:34.281772,0 days 00:00:06.237914,31,8,2,9998,COMPLETE
668,-0.5982653313302109,2026-03-31 19:10:34.299302,2026-03-31 19:10:40.103598,0 days 00:00:05.804296,36,1,2,9147,COMPLETE
669,-0.594800505739307,2026-03-31 19:10:40.120968,2026-03-31 19:10:46.284008,0 days 00:00:06.163040,32,2,15,9796,COMPLETE
670,-0.5988944188623908,2026-03-31 19:10:46.309636,2026-03-31 19:10:52.358688,0 days 00:00:06.049052,39,1,2,9529,COMPLETE
671,-0.5979332052948585,2026-03-31 19:10:52.376216,2026-03-31 19:10:58.529257,0 days 00:00:06.153041,37,1,3,9711,COMPLETE
672,-0.5977949940328787,2026-03-31 19:10:58.546329,2026-03-31 19:11:01.387636,0 days 00:00:02.841307,29,1,2,4359,COMPLETE
673,-0.5735045229365303,2026-03-31 19:11:01.404758,2026-03-31 19:11:07.600169,0 days 00:00:06.195411,35,2,3,9826,COMPLETE
674,-0.598187020621286,2026-03-31 19:11:07.618046,2026-03-31 19:11:13.951463,0 days 00:00:06.333417,30,1,2,9997,COMPLETE
675,-0.5982759021751546,2026-03-31 19:11:13.978542,2026-03-31 19:11:19.902472,0 days 00:00:05.923930,31,1,2,9340,COMPLETE
676,-0.5737595072916711,2026-03-31 19:11:19.927164,2026-03-31 19:11:25.997487,0 days 00:00:06.070323,33,2,2,9603,COMPLETE
677,-0.5983731023781551,2026-03-31 19:11:26.023265,2026-03-31 19:11:32.204172,0 days 00:00:06.180907,27,1,2,9796,COMPLETE
678,-0.5734312581276363,2026-03-31 19:11:32.225125,2026-03-31 19:11:38.077205,0 days 00:00:05.852080,39,2,3,9117,COMPLETE
679,-0.5981574642940956,2026-03-31 19:11:38.095978,2026-03-31 19:11:44.122158,0 days 00:00:06.026180,34,1,3,9458,COMPLETE
680,-0.5986995758669084,2026-03-31 19:11:44.139023,2026-03-31 19:11:50.257902,0 days 00:00:06.118879,36,1,2,9666,COMPLETE
681,-0.5983796501818837,2026-03-31 19:11:50.287188,2026-03-31 19:11:56.532574,0 days 00:00:06.245386,38,1,2,9818,COMPLETE
682,-0.5736405803327724,2026-03-31 19:11:56.552241,2026-03-31 19:12:02.427956,0 days 00:00:05.875715,32,2,2,9395,COMPLETE
683,-0.5685883578160642,2026-03-31 19:12:02.448139,2026-03-31 19:12:08.485293,0 days 00:00:06.037154,30,3,3,9612,COMPLETE
684,-0.5984805345049995,2026-03-31 19:12:08.505621,2026-03-31 19:12:14.202382,0 days 00:00:05.696761,25,1,2,8979,COMPLETE
685,-0.5980849707881271,2026-03-31 19:12:14.223209,2026-03-31 19:12:20.683376,0 days 00:00:06.460167,37,1,4,9984,COMPLETE
686,-0.5983491782399464,2026-03-31 19:12:20.701148,2026-03-31 19:12:26.599426,0 days 00:00:05.898278,29,1,2,9309,COMPLETE
687,-0.5734660815333437,2026-03-31 19:12:26.625394,2026-03-31 19:12:32.808873,0 days 00:00:06.183479,33,2,3,9847,COMPLETE
688,-0.5988542622753534,2026-03-31 19:12:32.826191,2026-03-31 19:12:38.848908,0 days 00:00:06.022717,31,1,2,9548,COMPLETE
689,-0.5736771073052267,2026-03-31 19:12:38.869929,2026-03-31 19:12:44.994132,0 days 00:00:06.124203,34,2,2,9685,COMPLETE
690,-0.598290868608206,2026-03-31 19:12:45.015115,2026-03-31 19:12:51.269638,0 days 00:00:06.254523,35,1,2,9846,COMPLETE
691,-0.5977971743274013,2026-03-31 19:12:51.289907,2026-03-31 19:12:57.123166,0 days 00:00:05.833259,38,1,3,9181,COMPLETE
692,-0.5738027320731087,2026-03-31 19:12:57.140230,2026-03-31 19:13:03.153044,0 days 00:00:06.012814,36,2,2,9474,COMPLETE
693,-0.598342172161581,2026-03-31 19:13:03.172657,2026-03-31 19:13:09.387063,0 days 00:00:06.214406,32,1,2,9831,COMPLETE
694,-0.5982152681084925,2026-03-31 19:13:09.416384,2026-03-31 19:13:15.802660,0 days 00:00:06.386276,28,1,2,9984,COMPLETE
695,-0.5980757026254967,2026-03-31 19:13:15.830859,2026-03-31 19:13:21.975713,0 days 00:00:06.144854,37,1,3,9676,COMPLETE
696,-0.5737311232736343,2026-03-31 19:13:21.992732,2026-03-31 19:13:28.009358,0 days 00:00:06.016626,30,2,2,9440,COMPLETE
697,-0.5980563579960619,2026-03-31 19:13:28.037819,2026-03-31 19:13:34.200797,0 days 00:00:06.162978,33,1,3,9678,COMPLETE
698,-0.598470575183675,2026-03-31 19:13:34.221219,2026-03-31 19:13:40.112040,0 days 00:00:05.890821,31,1,2,9280,COMPLETE
699,-0.573417642097868,2026-03-31 19:13:40.132533,2026-03-31 19:13:46.474900,0 days 00:00:06.342367,39,2,2,10000,COMPLETE
700,-0.5974521183447379,2026-03-31 19:13:46.494227,2026-03-31 19:13:52.809844,0 days 00:00:06.315617,35,1,3,10000,COMPLETE
701,-0.5860362550388253,2026-03-31 19:13:52.838048,2026-03-31 19:13:58.495684,0 days 00:00:05.657636,29,2,11,8950,COMPLETE
702,-0.5988202752092219,2026-03-31 19:13:58.524976,2026-03-31 19:14:04.597304,0 days 00:00:06.072328,38,1,2,9556,COMPLETE
703,-0.5983541994379707,2026-03-31 19:14:04.617635,2026-03-31 19:14:10.803247,0 days 00:00:06.185612,34,1,2,9801,COMPLETE
704,-0.5981580811629655,2026-03-31 19:14:10.832262,2026-03-31 19:14:16.965339,0 days 00:00:06.133077,37,1,3,9655,COMPLETE
705,-0.5736669282645487,2026-03-31 19:14:16.986263,2026-03-31 19:14:22.887283,0 days 00:00:05.901020,32,2,2,9349,COMPLETE
706,-0.60026541158992,2026-03-31 19:14:22.917943,2026-03-31 19:14:29.109749,0 days 00:00:06.191806,31,1,5,9813,COMPLETE
707,-0.5989778898310666,2026-03-31 19:14:29.139383,2026-03-31 19:14:35.154660,0 days 00:00:06.015277,36,1,2,9517,COMPLETE
708,-0.5736783746572531,2026-03-31 19:14:35.172185,2026-03-31 19:14:41.260706,0 days 00:00:06.088521,28,2,2,9707,COMPLETE
709,-0.571079843757853,2026-03-31 19:14:41.281639,2026-03-31 19:14:47.145044,0 days 00:00:05.863405,17,4,3,9294,COMPLETE
710,-0.598345698396067,2026-03-31 19:14:47.165601,2026-03-31 19:14:53.431655,0 days 00:00:06.266054,30,1,2,9810,COMPLETE
711,-0.5982013203899186,2026-03-31 19:14:53.452109,2026-03-31 19:14:59.829357,0 days 00:00:06.377248,35,1,2,9996,COMPLETE
712,-0.5977909518677132,2026-03-31 19:14:59.850129,2026-03-31 19:15:05.652464,0 days 00:00:05.802335,33,1,3,9121,COMPLETE
