number,value,datetime_start,datetime_complete,duration,params_max_depth,params_min_samples_leaf,params_min_samples_split,params_n_estimators,state
892,-0.5986080017967348,2026-03-31 19:32:47.253690,2026-03-31 19:32:53.436260,0 days 00:00:06.182570,32,1,2,9687,COMPLETE
893,-0.5736105181379362,2026-03-31 19:32:53.454582,2026-03-31 19:32:59.283064,0 days 00:00:05.828482,38,2,2,9282,COMPLETE
894,-0.5735178050409557,2026-03-31 19:32:59.300504,2026-03-31 19:33:05.483068,0 days 00:00:06.182564,30,2,4,9821,COMPLETE
895,-0.598852960977686,2026-03-31 19:33:05.507830,2026-03-31 19:33:11.610104,0 days 00:00:06.102274,34,1,2,9546,COMPLETE
896,-0.5980412773840437,2026-03-31 19:33:11.635001,2026-03-31 19:33:17.625543,0 days 00:00:05.990542,36,1,3,9400,COMPLETE
897,-0.5769395054225204,2026-03-31 19:33:17.654952,2026-03-31 19:33:23.861578,0 days 00:00:06.206626,24,5,2,9816,COMPLETE
898,-0.5737553545130399,2026-03-31 19:33:23.880818,2026-03-31 19:33:29.983529,0 days 00:00:06.102711,31,2,2,9649,COMPLETE
899,-0.5978175255338394,2026-03-31 19:33:30.003917,2026-03-31 19:33:35.750017,0 days 00:00:05.746100,29,1,3,9057,COMPLETE
900,-0.5983113310258268,2026-03-31 19:33:35.767658,2026-03-31 19:33:42.076703,0 days 00:00:06.309045,33,1,2,9853,COMPLETE
901,-0.7237173742885217,2026-03-31 19:33:42.105501,2026-03-31 19:33:47.797285,0 days 00:00:05.691784,35,16,2,9985,COMPLETE
902,-0.5686337979266582,2026-03-31 19:33:47.825715,2026-03-31 19:33:53.859507,0 days 00:00:06.033792,37,3,2,9565,COMPLETE
903,-0.5974521183447378,2026-03-31 19:33:53.881090,2026-03-31 19:34:00.204341,0 days 00:00:06.323251,40,1,3,10000,COMPLETE
904,-0.5856989224133,2026-03-31 19:34:00.221200,2026-03-31 19:34:06.043336,0 days 00:00:05.822136,38,6,9,9217,COMPLETE
905,-0.5986634644594402,2026-03-31 19:34:06.067962,2026-03-31 19:34:12.244646,0 days 00:00:06.176684,31,1,2,9675,COMPLETE
906,-0.5736543412551458,2026-03-31 19:34:12.269413,2026-03-31 19:34:18.213983,0 days 00:00:05.944570,28,2,3,9379,COMPLETE
907,-0.5734330583267551,2026-03-31 19:34:18.238671,2026-03-31 19:34:24.563835,0 days 00:00:06.325164,30,2,2,9998,COMPLETE
908,-0.5983123009979343,2026-03-31 19:34:24.584622,2026-03-31 19:34:30.144540,0 days 00:00:05.559918,33,1,2,8743,COMPLETE
909,-0.5958583133043456,2026-03-31 19:34:30.164321,2026-03-31 19:34:36.144421,0 days 00:00:05.980100,36,1,18,9498,COMPLETE
910,-0.5985779937641971,2026-03-31 19:34:36.164149,2026-03-31 19:34:42.365874,0 days 00:00:06.201725,32,1,2,9696,COMPLETE
911,-0.5709633798832415,2026-03-31 19:34:42.393812,2026-03-31 19:34:48.556413,0 days 00:00:06.162601,41,4,3,9804,COMPLETE
912,-0.5988750800518968,2026-03-31 19:34:48.584548,2026-03-31 19:34:54.666858,0 days 00:00:06.082310,34,1,2,9541,COMPLETE
913,-0.5723061776451969,2026-03-31 19:34:54.687330,2026-03-31 19:34:58.018897,0 days 00:00:03.331567,39,2,2,5166,COMPLETE
914,-0.5979287653163913,2026-03-31 19:34:58.047076,2026-03-31 19:35:04.011784,0 days 00:00:05.964708,35,1,3,9237,COMPLETE
915,-0.72372314667678,2026-03-31 19:35:04.027115,2026-03-31 19:35:09.744195,0 days 00:00:05.717080,37,17,2,9828,COMPLETE
916,-0.573734817796727,2026-03-31 19:35:09.768805,2026-03-31 19:35:16.016741,0 days 00:00:06.247936,31,2,2,9672,COMPLETE
917,-0.5986376262187267,2026-03-31 19:35:16.032655,2026-03-31 19:35:22.154630,0 days 00:00:06.121975,30,1,2,9414,COMPLETE
918,-0.6061210074130674,2026-03-31 19:35:22.174254,2026-03-31 19:35:28.516800,0 days 00:00:06.342546,27,1,15,9997,COMPLETE
919,-0.5736868769358242,2026-03-31 19:35:28.546451,2026-03-31 19:35:34.707482,0 days 00:00:06.161031,29,2,3,9684,COMPLETE
920,-0.5977289773315606,2026-03-31 19:35:34.728452,2026-03-31 19:35:40.935446,0 days 00:00:06.206994,37,1,3,9820,COMPLETE
921,-0.5987647020299978,2026-03-31 19:35:40.957175,2026-03-31 19:35:46.978236,0 days 00:00:06.021061,32,1,2,9448,COMPLETE
922,-0.5982642707985509,2026-03-31 19:35:46.998616,2026-03-31 19:35:52.750538,0 days 00:00:05.751922,36,1,2,9021,COMPLETE
923,-0.7237185201422112,2026-03-31 19:35:52.777471,2026-03-31 19:35:58.339631,0 days 00:00:05.562160,38,18,2,9629,COMPLETE
924,-0.5735671809503158,2026-03-31 19:35:58.368246,2026-03-31 19:36:04.209174,0 days 00:00:05.840928,35,2,2,9266,COMPLETE
925,-0.5977054114248099,2026-03-31 19:36:04.229267,2026-03-31 19:36:10.467268,0 days 00:00:06.238001,33,1,3,9814,COMPLETE
926,-0.5988541473838254,2026-03-31 19:36:10.489367,2026-03-31 19:36:16.487332,0 days 00:00:05.997965,34,1,2,9479,COMPLETE
927,-0.5896508649490354,2026-03-31 19:36:16.516034,2026-03-31 19:36:22.709791,0 days 00:00:06.193757,28,2,13,9830,COMPLETE
928,-0.5982013203899186,2026-03-31 19:36:22.727933,2026-03-31 19:36:29.093603,0 days 00:00:06.365670,36,1,2,9996,COMPLETE
929,-0.5983404167584753,2026-03-31 19:36:29.113940,2026-03-31 19:36:34.709730,0 days 00:00:05.595790,31,1,4,8856,COMPLETE
930,-0.5734273416718558,2026-03-31 19:36:34.730639,2026-03-31 19:36:41.088261,0 days 00:00:06.357622,38,2,2,9999,COMPLETE
931,-0.6029278710223877,2026-03-31 19:36:41.105877,2026-03-31 19:36:47.213672,0 days 00:00:06.107795,39,1,16,9638,COMPLETE
932,-0.5984258770134974,2026-03-31 19:36:47.234520,2026-03-31 19:36:53.087536,0 days 00:00:05.853016,30,1,2,9170,COMPLETE
933,-0.5986513520182182,2026-03-31 19:36:53.116212,2026-03-31 19:36:59.115442,0 days 00:00:05.999230,29,1,2,9430,COMPLETE
934,-0.5736849333764867,2026-03-31 19:36:59.147415,2026-03-31 19:37:05.283916,0 days 00:00:06.136501,32,2,3,9688,COMPLETE
935,-0.5684422218985568,2026-03-31 19:37:05.313058,2026-03-31 19:37:11.580094,0 days 00:00:06.267036,33,3,2,9821,COMPLETE
936,-0.5982599879299594,2026-03-31 19:37:11.600728,2026-03-31 19:37:17.616119,0 days 00:00:06.015391,37,1,3,9548,COMPLETE
937,-0.5735807321998306,2026-03-31 19:37:17.634170,2026-03-31 19:37:23.844811,0 days 00:00:06.210641,31,2,2,9334,COMPLETE
938,-0.5977633063740703,2026-03-31 19:37:23.866028,2026-03-31 19:37:30.038761,0 days 00:00:06.172733,35,1,3,9796,COMPLETE
939,-0.5686692089907576,2026-03-31 19:37:30.067921,2026-03-31 19:37:36.104549,0 days 00:00:06.036628,36,3,2,9550,COMPLETE
940,-0.5983835795071902,2026-03-31 19:37:36.122637,2026-03-31 19:37:42.410401,0 days 00:00:06.287764,34,1,2,9824,COMPLETE
941,-0.5974939025894831,2026-03-31 19:37:42.427675,2026-03-31 19:37:48.792394,0 days 00:00:06.364719,39,1,3,9996,COMPLETE
942,-0.5737388207662061,2026-03-31 19:37:48.807063,2026-03-31 19:37:54.910212,0 days 00:00:06.103149,32,2,2,9657,COMPLETE
943,-0.5983853998266474,2026-03-31 19:37:54.935306,2026-03-31 19:38:00.729131,0 days 00:00:05.793825,37,1,2,9095,COMPLETE
944,-0.5736277403046627,2026-03-31 19:38:00.754055,2026-03-31 19:38:06.646278,0 days 00:00:05.892223,29,2,2,9343,COMPLETE
945,-0.5981351539489076,2026-03-31 19:38:06.671151,2026-03-31 19:38:12.806733,0 days 00:00:06.135582,40,1,3,9652,COMPLETE
946,-0.598187020621286,2026-03-31 19:38:12.825265,2026-03-31 19:38:19.169985,0 days 00:00:06.344720,30,1,2,9997,COMPLETE
947,-0.5988490639767654,2026-03-31 19:38:19.188263,2026-03-31 19:38:25.241453,0 days 00:00:06.053190,33,1,2,9476,COMPLETE
948,-0.5735274189875326,2026-03-31 19:38:25.258684,2026-03-31 19:38:31.484048,0 days 00:00:06.225364,38,2,2,9802,COMPLETE
949,-0.5981476310612143,2026-03-31 19:38:31.509643,2026-03-31 19:38:37.627240,0 days 00:00:06.117597,36,1,3,9630,COMPLETE
950,-0.5984740179779859,2026-03-31 19:38:37.648603,2026-03-31 19:38:43.523482,0 days 00:00:05.874879,34,1,2,9227,COMPLETE
951,-0.5983623761387256,2026-03-31 19:38:43.544820,2026-03-31 19:38:49.793624,0 days 00:00:06.248804,31,1,2,9826,COMPLETE
952,-0.5734273416718556,2026-03-31 19:38:49.813850,2026-03-31 19:38:56.186679,0 days 00:00:06.372829,32,2,3,9999,COMPLETE
953,-0.573795409769336,2026-03-31 19:38:56.215504,2026-03-31 19:39:02.235905,0 days 00:00:06.020401,35,2,2,9468,COMPLETE
954,-0.5978465122738372,2026-03-31 19:39:02.258588,2026-03-31 19:39:06.665611,0 days 00:00:04.407023,37,1,2,6769,COMPLETE
955,-0.598484555253573,2026-03-31 19:39:06.690095,2026-03-31 19:39:12.398907,0 days 00:00:05.708812,28,1,2,8966,COMPLETE
956,-0.5986957521163496,2026-03-31 19:39:12.419472,2026-03-31 19:39:18.591911,0 days 00:00:06.172439,16,1,2,9660,COMPLETE
957,-0.5735229695061639,2026-03-31 19:39:18.621349,2026-03-31 19:39:24.851552,0 days 00:00:06.230203,30,2,3,9816,COMPLETE
958,-0.5982077388091616,2026-03-31 19:39:24.881481,2026-03-31 19:39:30.742307,0 days 00:00:05.860826,38,1,4,9298,COMPLETE
959,-0.6031149482501499,2026-03-31 19:39:30.763921,2026-03-31 19:39:36.803268,0 days 00:00:06.039347,27,1,6,9513,COMPLETE
960,-0.5735655634924106,2026-03-31 19:39:36.824642,2026-03-31 19:39:38.702095,0 days 00:00:01.877453,34,2,2,2847,COMPLETE
961,-0.5983990091708848,2026-03-31 19:39:38.719478,2026-03-31 19:39:44.986219,0 days 00:00:06.266741,36,1,2,9820,COMPLETE
962,-0.5980802493298626,2026-03-31 19:39:45.003522,2026-03-31 19:39:51.117250,0 days 00:00:06.113728,18,1,3,9673,COMPLETE
963,-0.572587280365837,2026-03-31 19:39:51.141493,2026-03-31 19:39:54.058251,0 days 00:00:02.916758,33,2,2,4484,COMPLETE
964,-0.5983540196527407,2026-03-31 19:39:54.075457,2026-03-31 19:40:00.049405,0 days 00:00:05.973948,31,1,2,9367,COMPLETE
965,-0.5977095998804044,2026-03-31 19:40:00.067888,2026-03-31 19:40:06.377492,0 days 00:00:06.309604,29,1,3,9824,COMPLETE
966,-0.5988702633147918,2026-03-31 19:40:06.404276,2026-03-31 19:40:12.618876,0 days 00:00:06.214600,39,1,2,9531,COMPLETE
967,-0.5734257061388597,2026-03-31 19:40:12.644684,2026-03-31 19:40:18.449509,0 days 00:00:05.804825,32,2,2,9165,COMPLETE
968,-0.5987755711399344,2026-03-31 19:40:18.476155,2026-03-31 19:40:24.567417,0 days 00:00:06.091262,37,1,2,9643,COMPLETE
969,-0.5975322006421656,2026-03-31 19:40:24.597720,2026-03-31 19:40:30.919892,0 days 00:00:06.322172,30,1,3,9992,COMPLETE
970,-0.5978325120612512,2026-03-31 19:40:30.937297,2026-03-31 19:40:37.124001,0 days 00:00:06.186704,35,1,3,9774,COMPLETE
971,-0.5736675793574977,2026-03-31 19:40:37.142203,2026-03-31 19:40:43.127445,0 days 00:00:05.985242,40,2,2,9421,COMPLETE
972,-0.5983341164700633,2026-03-31 19:40:43.153218,2026-03-31 19:40:49.367348,0 days 00:00:06.214130,35,1,2,9816,COMPLETE
973,-0.5987685711058421,2026-03-31 19:40:49.391540,2026-03-31 19:40:55.484028,0 days 00:00:06.092488,38,1,2,9597,COMPLETE
974,-0.595603434928934,2026-03-31 19:40:55.502232,2026-03-31 19:40:55.916072,0 days 00:00:00.413840,29,1,2,490,COMPLETE
975,-0.5685487692903589,2026-03-31 19:40:55.934281,2026-03-31 19:41:02.171221,0 days 00:00:06.236940,36,3,3,9989,COMPLETE
976,-0.5734273416718557,2026-03-31 19:41:02.188680,2026-03-31 19:41:08.503394,0 days 00:00:06.314714,33,2,2,9999,COMPLETE
977,-0.5982828418138505,2026-03-31 19:41:08.524262,2026-03-31 19:41:14.270439,0 days 00:00:05.746177,31,1,2,9027,COMPLETE
978,-0.5736094016297717,2026-03-31 19:41:14.299184,2026-03-31 19:41:20.210499,0 days 00:00:05.911315,34,2,2,9299,COMPLETE
979,-0.5974720760066747,2026-03-31 19:41:20.239449,2026-03-31 19:41:25.731073,0 days 00:00:05.491624,39,1,3,8617,COMPLETE
980,-0.5737144804365514,2026-03-31 19:41:25.760332,2026-03-31 19:41:31.869738,0 days 00:00:06.109406,30,2,2,9680,COMPLETE
981,-0.5974521183447379,2026-03-31 19:41:31.898579,2026-03-31 19:41:38.247692,0 days 00:00:06.349113,32,1,3,10000,COMPLETE
982,-0.5977208707013462,2026-03-31 19:41:38.268815,2026-03-31 19:41:42.005401,0 days 00:00:03.736586,37,1,2,5828,COMPLETE
983,-0.5989521186353357,2026-03-31 19:41:42.035409,2026-03-31 19:41:48.085578,0 days 00:00:06.050169,28,1,2,9505,COMPLETE
984,-0.5736667493887354,2026-03-31 19:41:48.114157,2026-03-31 19:41:54.282701,0 days 00:00:06.168544,36,2,3,9740,COMPLETE
985,-0.5984235930218391,2026-03-31 19:41:54.303659,2026-03-31 19:42:00.261757,0 days 00:00:05.958098,38,1,2,9370,COMPLETE
986,-0.5986080017967347,2026-03-31 19:42:00.290494,2026-03-31 19:42:06.462441,0 days 00:00:06.171947,31,1,2,9687,COMPLETE
987,-0.6075434492383281,2026-03-31 19:42:06.483792,2026-03-31 19:42:12.651372,0 days 00:00:06.167580,34,1,10,9830,COMPLETE
988,-0.5978475723470478,2026-03-31 19:42:12.672347,2026-03-31 19:42:18.531183,0 days 00:00:05.858836,33,1,3,9186,COMPLETE
989,-0.5737817057143426,2026-03-31 19:42:18.551654,2026-03-31 19:42:24.637639,0 days 00:00:06.085985,32,2,2,9591,COMPLETE
990,-0.5988468111268122,2026-03-31 19:42:24.658427,2026-03-31 19:42:30.687542,0 days 00:00:06.029115,37,1,2,9477,COMPLETE
991,-0.5734479334249014,2026-03-31 19:42:30.710967,2026-03-31 19:42:36.942525,0 days 00:00:06.231558,30,2,4,9834,COMPLETE
992,-0.6074201900391659,2026-03-31 19:42:36.961906,2026-03-31 19:42:43.090816,0 days 00:00:06.128910,35,1,8,9659,COMPLETE
993,-0.573444462456829,2026-03-31 19:42:43.118947,2026-03-31 19:42:49.422680,0 days 00:00:06.303733,29,2,3,9997,COMPLETE
994,-0.5984552719487238,2026-03-31 19:42:49.443093,2026-03-31 19:42:55.108841,0 days 00:00:05.665748,36,1,2,8867,COMPLETE
995,-0.5987983530999655,2026-03-31 19:42:55.129144,2026-03-31 19:43:01.149382,0 days 00:00:06.020238,31,1,2,9453,COMPLETE
996,-0.5983456580189743,2026-03-31 19:43:01.169682,2026-03-31 19:43:07.411927,0 days 00:00:06.242245,33,1,2,9809,COMPLETE
997,-0.5735842983970733,2026-03-31 19:43:07.433107,2026-03-31 19:43:13.322182,0 days 00:00:05.889075,37,2,2,9280,COMPLETE
998,-0.5981108814270669,2026-03-31 19:43:13.342200,2026-03-31 19:43:19.449181,0 days 00:00:06.106981,25,1,3,9668,COMPLETE
999,-0.5981711206207186,2026-03-31 19:43:19.466192,2026-03-31 19:43:25.828636,0 days 00:00:06.362444,39,1,2,9998,COMPLETE
